0:100  0:100  MemLog inited, TSC freq: 2208726740
0:100  0:000  CPU was calibrated with RTC
0:100  0:000  
0:100  0:000  Now is 19.12.2018,  9:3:34 (GMT)
0:100  0:000  Starting Clover revision: 4784 on TIMI EFI
0:100  0:000  Build with: [Args: -nb -mc --no-usb -D NO_GRUB_DRIVERS_EMBEDDED | -D DISABLE_USB_SUPPORT -D NO_GRUB_DRIVERS_EMBEDDED -D USE_BIOS_BLOCKIO -D USE_LOW_EBDA -a X64 -b RELEASE -t XCODE8 -n 5 | OS: 10.13.6 | XCODE: 10.1]
0:100  0:000  SelfDevicePath=PciRoot(0x0)\Pci(0x1B,0x0)\Pci(0x0,0x0)\NVMe(0x1,9F-B6-B3-81-59-38-25-00)\HD(1,GPT,14A104AF-51BD-4C8D-B0D9-BEFC286785D3,0x28,0x64000) @69C1AF98
0:100  0:000  SelfDirPath = \EFI\BOOT
0:101  0:000  === [ Get Smbios ] ========================================
0:101  0:000  Type 16 Index = 0
0:101  0:000  Total Memory Slots Count = 2
0:101  0:000  Type 17 Index = 0
0:101  0:000  SmbiosTable.Type17->Speed = 2667MHz
0:101  0:000  SmbiosTable.Type17->Size = 8192MB
0:101  0:000  SmbiosTable.Type17->Bank/Device = BANK 0 ChannelA-DIMM0
0:101  0:000  SmbiosTable.Type17->Vendor = Samsung
0:101  0:000  SmbiosTable.Type17->SerialNumber = 40471E0F
0:101  0:000  SmbiosTable.Type17->PartNumber = M471A1K43DB1-CTD    
0:101  0:000  Type 17 Index = 1
0:101  0:000  SmbiosTable.Type17->Speed = 2667MHz
0:101  0:000  SmbiosTable.Type17->Size = 8192MB
0:101  0:000  SmbiosTable.Type17->Bank/Device = BANK 2 ChannelB-DIMM0
0:101  0:000  SmbiosTable.Type17->Vendor = Samsung
0:101  0:000  SmbiosTable.Type17->SerialNumber = 40474A05
0:101  0:000  SmbiosTable.Type17->PartNumber = M471A1K43DB1-CTD    
0:101  0:000  Boot status=0
0:101  0:000  Running on: 'TM1801' with board 'TM1801'
0:101  0:000  === [ GetCPUProperties ] ==================================
0:101  0:000  CPU Vendor = 756E6547 Model=906EA
0:101  0:000   The CPU supported SSE4.1
0:101  0:000  BrandString = Intel(R) Core(TM) i7-8750H CPU @ 2.20GHz
0:101  0:000   The CPU supported turbo
0:101  0:000  MSR 0x35               6000C
0:101  0:000   TSC/CCC Information Leaf:
0:101  0:000    numerator     : 184
0:101  0:000    denominator   : 2
0:101  0:000   Calibrated ARTFrequency: 24007899
0:101  0:000  MSR 0xE2 before patch 1E008008
0:101  0:000  MSR 0xE2 is locked, PM patches will be turned on
0:101  0:000  MSR 0xCE              0008083B_F1011600
0:101  0:000  corrected FLEX_RATIO = 0
0:101  0:000  MSR 0x1B0             00000000
0:101  0:000  FSBFrequency = 95 MHz, DMI FSBFrequency = 100 MHz, Corrected FSBFrequency = 100 MHz
0:101  0:000  MaxDiv/MinDiv: 22.0/8
0:101  0:000  Turbo: 40/40/41/41
0:101  0:000  Features: 0xBFEBFBFF
0:101  0:000  Threads: 12
0:101  0:000  Cores: 6
0:101  0:000  FSB: 100 MHz
0:101  0:000  CPU: 2079 MHz
0:101  0:000  TSC: 2079 MHz
0:101  0:000  PIS: 100 MHz
0:101  0:000  ExternalClock: 25 MHz
0:101  0:000  === [ GetDevices ] ========================================
0:101  0:000  PCI (00|00:00.00) : 8086 3EC4 class=060000
0:101  0:000  PCI (00|00:01.00) : 8086 1901 class=060400
0:101  0:000  PCI (00|01:00.00) : 10DE 1C20 class=030000
0:101  0:000   - GFX: Model=GeForce GTX 1060 family 136 (Nvidia)
0:101  0:000  PCI (00|01:00.01) : FFFF FFFF class=FFFFFF
0:101  0:000  PCI (00|00:02.00) : 8086 3E9B class=030000
0:101  0:000   - GFX: Model=Intel UHD Graphics 630 (Intel)
0:101  0:000  PCI (00|00:08.00) : 8086 1911 class=088000
0:101  0:000  PCI (00|00:12.00) : 8086 A379 class=118000
0:101  0:000  PCI (00|00:14.00) : 8086 A36D class=0C0330
0:101  0:000  PCI (00|00:14.02) : 8086 A36F class=050000
0:101  0:000  PCI (00|00:14.03) : 8086 A370 class=028000
0:101  0:000   - WIFI: Vendor=Intel
0:101  0:000  PCI (00|00:15.00) : 8086 A368 class=0C8000
0:101  0:000  PCI (00|00:16.00) : 8086 A360 class=078000
0:101  0:000  PCI (00|00:17.00) : 8086 A353 class=010601
0:101  0:000  PCI (00|00:1B.00) : 8086 A340 class=060400
0:101  0:000  PCI (00|06:00.00) : 144D A808 class=010802
0:101  0:000  PCI (00|00:1D.00) : 8086 A330 class=060400
0:101  0:000  PCI (00|07:00.00) : 144D A808 class=010802
0:101  0:000  PCI (00|00:1D.06) : 8086 A336 class=060400
0:101  0:000  PCI (00|08:00.00) : 10EC 8168 class=020000
0:101  0:000   - LAN: 0 Vendor=Realtek
0:101  0:000  PCI (00|00:1D.07) : 8086 A337 class=060400
0:101  0:000  PCI (00|09:00.00) : 10EC 522A class=FF0000
0:101  0:000  PCI (00|00:1F.00) : 8086 A30D class=060100
0:102  0:000  PCI (00|00:1F.03) : 8086 A348 class=040300
0:102  0:000  PCI (00|00:1F.04) : 8086 A323 class=0C0500
0:102  0:000  PCI (00|00:1F.05) : 8086 A324 class=0C8000
0:102  0:000  === [ GetDefaultSettings ] ================================
0:102  0:000  Clover load options size = 0 bytes
0:104  0:002  EFI\CLOVER\config.plist loaded: Success
0:104  0:000  === [ GetListOfThemes ] ===================================
0:104  0:000  - [00]: SimpleThemeDark
0:104  0:000  - [01]: Xiaomi
0:105  0:000  - [02]: OS
0:106  0:000  === [ Found config plists ] ===============================
0:106  0:000  - config.plist
0:107  0:000  === [ GetEarlyUserSettings ] ==============================
0:107  0:000  timeout set to 4
0:107  0:000  Custom boot CUSTOM_BOOT_DISABLED (0x0)
0:107  0:000  ForceKextsToLoad: 1 requested
0:107  0:000   - [0]: System\Library\Extensions\IONetworkingFamily.kext
0:107  0:000  KextsToPatch: 3 requested
0:107  0:000   - [00]: com.apple.driver.AppleIntelLpssI2C (Prevent Apple I2C kexts from attaching to I2C controllers, credit CoolStar) :: PlistPatch :: data len: 5
0:107  0:000   - patch disabled at config
0:107  0:000   - [01]: com.apple.driver.AppleIntelLpssI2CController (Prevent Apple I2C kexts from attaching to I2C controllers, credit CoolStar) :: PlistPatch :: data len: 5
0:107  0:000   - patch disabled at config
0:107  0:000   - [02]: com.apple.iokit.IOAHCIBlockStorage (Enable TRIM for SSD) :: BinPatch :: data len: 11
0:107  0:000  KernelToPatch: 3 requested
0:107  0:000   - [00]: MSR 0xE2 _xcpm_idle instant reboot(c) Pike R. Alpha :: data len: 8
0:107  0:000   - [01]: Disable panic kext logging on 10.13 release kernel (credit vit9696) :: MatchOS: 10.13.x :: data len: 6
0:107  0:000   - [02]: Disable panic kext logging on 10.14 release kernel (credit vit9696) :: MatchOS: 10.14.x :: data len: 6
0:107  0:000  Default theme: Xiaomi
0:107  0:000  Hiding entries with string Preboot
0:107  0:000  === [ LoadDrivers ] =======================================
0:108  0:001  Loading HashServiceFix-64.efi  status=Success
0:110  0:002  Loading AppleKeyFeeder-64.efi  status=Success
0:113  0:002  Loading HFSPlus.efi  status=Success
0:115  0:002   - driver needs connecting
0:115  0:000  Loading AppleImageCodec-64.efi  status=Success
0:118  0:002  Loading AppleUITheme-64.efi  status=Success
0:120  0:002  Loading DataHubDxe-64.efi  status=Success
0:122  0:002  Loading AppleKeyAggregator-64.efi  status=Success
0:125  0:002  Loading VirtualSmc.efi  status=Success
0:127  0:002  Loading FSInject-64.efi  status=Success
0:129  0:002  Loading FirmwareVolume-64.efi  status=Success
0:132  0:002  Loading ApfsDriverLoader-64.efi  status=Success
0:134  0:002   - driver needs connecting
0:134  0:000  Loading AptioInputFix-64.efi  status=Success
0:139  0:005  Loading AptioMemoryFix-64.efi  status=Success
0:142  0:003  2 drivers needs connecting ...
0:142  0:000  PlatformDriverOverrideProtocol->GetDriver overriden
0:142  0:000  HFS+ driver loaded
0:142  0:000  APFS driver loaded
0:142  0:000  Searching for invalid DiskIo BY_DRIVER connects: not found, all ok
0:915  0:772  === [ InitScreen ] ========================================
0:915  0:000  SetScreenResolution: 1920x1080 - already set
0:915  0:000  Console modes reported: 8, available modes:
0:915  0:000   - [01]: 80x25
0:915  0:000   - [02]: 80x50
0:915  0:000   - [03]: 80x25
0:915  0:000   - [04]: 240x56 (current mode)
0:915  0:000   - [05]: 100x31
0:915  0:000   - [06]: 128x40
0:915  0:000   - [07]: 160x53
0:915  0:000   - [08]: 170x40
0:915  0:000  SetScreenResolution: 1920x1080 - already set
0:915  0:000  reinit: self device path=PciRoot(0x0)\Pci(0x1B,0x0)\Pci(0x0,0x0)\NVMe(0x1,9F-B6-B3-81-59-38-25-00)\HD(1,GPT,14A104AF-51BD-4C8D-B0D9-BEFC286785D3,0x28,0x64000)
0:915  0:000  === [ GetMacAddress ] =====================================
0:915  0:000  MAC address of LAN #0= D8:C4:97:3D:B7:43:
0:915  0:000  === [ ScanSPD ] ===========================================
0:916  0:000  SMBus device : 8086 A323 class=0C0500 status=Success
0:916  0:000  SMBus CmdReg: 0x3
0:916  0:000  Scanning SMBus [8086:A323], mmio: 0x94621004, ioport: 0x5040, hostc: 0x11
0:916  0:000  Slots to scan [8]...
0:917  0:000  SPD[0]: Type 12 @0x50
0:936  0:019  Not using XMP because it is not present
0:936  0:000  DDR speed 2666MHz
0:936  0:000  Slot: 0 Type 26 8192MB 2666MHz Vendor=Samsung PartNo=M471A1K43DB1-CTD SerialNo=04000407010E000F
0:937  0:000  SPD[2]: Type 12 @0x52
0:955  0:018  Not using XMP because it is not present
0:955  0:000  DDR speed 2666MHz
0:955  0:000  Slot: 2 Type 26 8192MB 2666MHz Vendor=Samsung PartNo=M471A1K43DB1-CTD SerialNo=04000407040A0005
0:956  0:000  === [ GetAcpiTablesList ] =================================
0:956  0:000  Get Acpi Tables List from RSDT:
0:956  0:000   - [00]: FACP  XMCC1801 len=268
0:956  0:000   - [01]: UEFI  XMCC1801 len=566
0:956  0:000   - [02]: SSDT  XMCC1801 len=12743
0:956  0:000   - [03]: UEFI  XMCC1801 len=66
0:956  0:000   - [04]: SSDT  XMCC1801 len=1114
0:956  0:000   - [05]: SSDT  XMCC1801 len=70
0:956  0:000   - [06]: TPM2  XMCC1801 len=52
0:956  0:000   - [07]: MSDM  XMCC1801 len=85
0:956  0:000   - [08]: LPIT  XMCC1801 len=92
0:956  0:000   - [09]: WSMT  XMCC1801 len=40
0:956  0:000   - [10]: SSDT  XMCC1801 len=3093
0:956  0:000   - [11]: DBGP  XMCC1801 len=52
0:956  0:000   - [12]: DBG2  XMCC1801 len=84
0:956  0:000   - [13]: SSDT  XMCC1801 len=6101
0:956  0:000   - [14]: SSDT  XMCC1801 len=10572
0:956  0:000   - [15]: ASF!  XMCC1801 len=165
0:956  0:000   - [16]: HPET  XMCC1801 len=56
0:956  0:000   - [17]: APIC  XMCC1801 len=300
0:956  0:000   - [18]: MCFG  XMCC1801 len=60
0:956  0:000   - [19]: SSDT  XMCC1801 len=221
0:956  0:000   - [20]: SSDT  XMCC1801 len=19190
0:956  0:000   - [21]: SSDT  XMCC1801 len=291
0:956  0:000   - [22]: DMAR  XMCC1801 len=168
0:956  0:000   - [23]: FPDT  XMCC1801 len=68
0:956  0:000   - [24]: BGRT  XMCC1801 len=56
0:956  0:000  Calibrated TSC Frequency = 2208726740 = 2208MHz
0:956  0:000  === [ GetUserSettings ] ===================================
0:956  0:000  Add 2 devices:
0:956  0:000  USB FixOwnership: yes
0:956  0:000  Dropping 3 tables:
0:956  0:000   - [00]: Drop table  signature="#MCF" (46434D23)
0:956  0:000           - set table: 46434D23,                0 to drop: no
0:956  0:000   - [01]: Drop table  signature="DMAR" (52414D44)
0:956  0:000           - set table: 52414D44,                0 to drop: yes
0:956  0:000   - [02]: Drop table  signature="SSDT" (54445353) table-id="xh_rvp10" (30317076725F6878)
0:956  0:000           - set table: 54445353, 30317076725F6878 to drop: no
0:956  0:000   - final DSDT Fix mask=00840009
0:957  0:000  PatchesDSDT: 13 requested
0:957  0:000   - [00]: (change _DSM to XDSM) lenToFind: 4, lenToReplace: 4, Target Bridge: <null string>
0:957  0:000   - [01]: (change _OSI to XOSI, pair with SSDT-XOSI.aml) lenToFind: 4, lenToReplace: 4, Target Bridge: <null string>
0:957  0:000   - [02]: (change EC0 to EC) lenToFind: 4, lenToReplace: 4, Target Bridge: <null string>
0:957  0:000   - [03]: (change GFX0 to IGPU, optionally pair with SSDT-IGPU.aml) lenToFind: 4, lenToReplace: 4, Target Bridge: <null string>
0:957  0:000   - [04]: (change HDAS to HDEF, optionally pair with SSDT-HDEF.aml) lenToFind: 4, lenToReplace: 4, Target Bridge: <null string>
0:957  0:000   - [05]: (change HECI to IMEI, optionally pair with SSDT-IMEI.aml) lenToFind: 4, lenToReplace: 4, Target Bridge: <null string>
0:957  0:000   - [06]: (change SAT0 to SATA, optionally pair with SSDT-SATA.aml) lenToFind: 4, lenToReplace: 4, Target Bridge: <null string>
0:957  0:000   - [07]: (change Method(_PTS,1,N) to ZPTS, pair with SSDT-PTSWAK.aml) lenToFind: 5, lenToReplace: 5, Target Bridge: <null string>
0:957  0:000   - [08]: (change Method(_WAK,1,S) to ZWAK, pair with SSDT-PTSWAK.aml) lenToFind: 5, lenToReplace: 5, Target Bridge: <null string>
0:957  0:000   - [09]: (change Method(GPRW,2,N) to XPRW, pair with SSDT-GPRW.aml) lenToFind: 5, lenToReplace: 5, Target Bridge: <null string>
0:957  0:000   - [10]: (change Method(__Q0F,0,N) to XQ0F) lenToFind: 5, lenToReplace: 5, Target Bridge: <null string>
0:957  0:000   - [11]: (change Method(_Q10,0,N) to XQ10) lenToFind: 5, lenToReplace: 5, Target Bridge: <null string>
0:957  0:000   - [12]: (change PCI0.GPI0._STA to PCI0.GPI0.XSTA) lenToFind: 9, lenToReplace: 9, Target Bridge: <null string>
0:957  0:000  Using ProductName from config: MacBookPro15,2
0:957  0:000  BiosVersion: not set, Using BiosVersion from clover
0:957  0:000  BiosVersion: MBP152.88Z.F000.B00.1809171524
0:957  0:000  BiosReleaseDate: 09/17/2018
0:957  0:000  Using EfiVersion from clover: 220.200.252.0.0
0:957  0:000  Using FirmwareFeatures from clover: 0xFC0FE137
0:957  0:000  Using FirmwareFeaturesMask from clover: 0xFF1FFF3F
0:957  0:000  Using PlatformFeature from clover: 0x1A
0:957  0:000  === [ Found DSDT tables ] =================================
1:006  0:049  === [ ScanVolumes ] =======================================
1:006  0:000  Found 19 volumes with blockIO
1:006  0:000  - [00]: Volume: PciRoot(0x0)\Pci(0x17,0x0)\Sata(0x0,0x0,0x0)
1:007  0:000  - [01]: Volume: PciRoot(0x0)\Pci(0x17,0x0)\Sata(0x0,0x0,0x0)\HD(1,GPT,D0BE6BBE-55AE-478C-9DFC-8910257C19C8,0x28,0x64000)
1:007  0:000          Result of bootcode detection: bootable unknown (legacy)
1:008  0:000  - [02]: Volume: PciRoot(0x0)\Pci(0x17,0x0)\Sata(0x0,0x0,0x0)\HD(2,GPT,AD39A3B8-D8F7-4666-A129-6B852A25FFE5,0x64028,0x746A2D60)
1:008  0:000          Result of bootcode detection: bootable unknown (legacy)
1:008  0:000  - [03]: Volume: PciRoot(0x0)\Pci(0x1B,0x0)\Pci(0x0,0x0)\NVMe(0x1,9F-B6-B3-81-59-38-25-00)
1:008  0:000  - [04]: Volume: PciRoot(0x0)\Pci(0x1B,0x0)\Pci(0x0,0x0)\NVMe(0x1,9F-B6-B3-81-59-38-25-00)\HD(1,GPT,14A104AF-51BD-4C8D-B0D9-BEFC286785D3,0x28,0x64000)
1:008  0:000          Result of bootcode detection: bootable unknown (legacy)
1:009  0:000          This is SelfVolume !!
1:009  0:000  - [05]: Volume: PciRoot(0x0)\Pci(0x1B,0x0)\Pci(0x0,0x0)\NVMe(0x1,9F-B6-B3-81-59-38-25-00)\HD(2,GPT,7ADB289C-E013-4861-AEB0-8D80F599FF45,0x64028,0x1D161920)
1:009  0:000          Result of bootcode detection: bootable unknown (legacy)
1:009  0:000  - [06]: Volume: PciRoot(0x0)\Pci(0x1D,0x0)\Pci(0x0,0x0)\NVMe(0x1,90-45-06-81-89-38-25-00)
1:009  0:000  - [07]: Volume: PciRoot(0x0)\Pci(0x1D,0x0)\Pci(0x0,0x0)\NVMe(0x1,90-45-06-81-89-38-25-00)\HD(1,GPT,A51CAF77-31AA-4458-8E4F-B4ECB47B2B5C,0x800,0xF9800)
1:009  0:000          Result of bootcode detection: bootable Windows (vista,win)
1:009  0:000  - [08]: Volume: PciRoot(0x0)\Pci(0x1D,0x0)\Pci(0x0,0x0)\NVMe(0x1,90-45-06-81-89-38-25-00)\HD(2,GPT,58B5FF0E-01D8-489C-B264-2FC394A1AF0C,0xFA000,0x32000)
1:010  0:000          Result of bootcode detection: bootable Windows (vista,win)
1:010  0:000  - [09]: Volume: PciRoot(0x0)\Pci(0x1D,0x0)\Pci(0x0,0x0)\NVMe(0x1,90-45-06-81-89-38-25-00)\HD(3,GPT,EC5838C8-7508-4CE2-A9D0-3FD9456734BE,0x12C000,0x8000)
1:010  0:000  - [10]: Volume: PciRoot(0x0)\Pci(0x1D,0x0)\Pci(0x0,0x0)\NVMe(0x1,90-45-06-81-89-38-25-00)\HD(4,GPT,83F295B1-4424-423D-9E0B-BDC74FEDBEB4,0x134000,0x1DBBF000)
1:010  0:000          Result of bootcode detection: bootable Windows (vista,win)
1:010  0:000  - [11]: Volume: PciRoot(0x0)\Pci(0x17,0x0)\Sata(0x0,0x0,0x0)\HD(2,GPT,AD39A3B8-D8F7-4666-A129-6B852A25FFE5,0x64028,0x746A2D60)\VenMedia(BE74FCF7-0B7C-49F3-9147-01F4042E6842,A8362437C5B1BF42BCDE4D45D33AB1CF)
1:010  0:000          hiding this volume
1:010  0:000  - [12]: Volume: PciRoot(0x0)\Pci(0x17,0x0)\Sata(0x0,0x0,0x0)\HD(2,GPT,AD39A3B8-D8F7-4666-A129-6B852A25FFE5,0x64028,0x746A2D60)\VenMedia(BE74FCF7-0B7C-49F3-9147-01F4042E6842,A47A5AFFEBE1C933A1103F92E0B24FF6)
1:010  0:000  - [13]: Volume: PciRoot(0x0)\Pci(0x17,0x0)\Sata(0x0,0x0,0x0)\HD(2,GPT,AD39A3B8-D8F7-4666-A129-6B852A25FFE5,0x64028,0x746A2D60)\VenMedia(BE74FCF7-0B7C-49F3-9147-01F4042E6842,45DE9E0E5A1B644FB9B448251FD42E0B)
1:010  0:000  - [14]: Volume: PciRoot(0x0)\Pci(0x17,0x0)\Sata(0x0,0x0,0x0)\HD(2,GPT,AD39A3B8-D8F7-4666-A129-6B852A25FFE5,0x64028,0x746A2D60)\VenMedia(BE74FCF7-0B7C-49F3-9147-01F4042E6842,27845AB0D68354438389BA47623D7913)
1:011  0:000  - [15]: Volume: PciRoot(0x0)\Pci(0x1B,0x0)\Pci(0x0,0x0)\NVMe(0x1,9F-B6-B3-81-59-38-25-00)\HD(2,GPT,7ADB289C-E013-4861-AEB0-8D80F599FF45,0x64028,0x1D161920)\VenMedia(BE74FCF7-0B7C-49F3-9147-01F4042E6842,8BFD76ABD3869A44B87E7BE6C4DE4B7A)
1:011  0:000          hiding this volume
1:011  0:000  - [16]: Volume: PciRoot(0x0)\Pci(0x1B,0x0)\Pci(0x0,0x0)\NVMe(0x1,9F-B6-B3-81-59-38-25-00)\HD(2,GPT,7ADB289C-E013-4861-AEB0-8D80F599FF45,0x64028,0x1D161920)\VenMedia(BE74FCF7-0B7C-49F3-9147-01F4042E6842,E7E1ABDDA822D13F8458DBE66C0DCCC7)
1:011  0:000  - [17]: Volume: PciRoot(0x0)\Pci(0x1B,0x0)\Pci(0x0,0x0)\NVMe(0x1,9F-B6-B3-81-59-38-25-00)\HD(2,GPT,7ADB289C-E013-4861-AEB0-8D80F599FF45,0x64028,0x1D161920)\VenMedia(BE74FCF7-0B7C-49F3-9147-01F4042E6842,0D11EF8DB0DF554D8F0BA367F132C70C)
1:011  0:000  - [18]: Volume: PciRoot(0x0)\Pci(0x1B,0x0)\Pci(0x0,0x0)\NVMe(0x1,9F-B6-B3-81-59-38-25-00)\HD(2,GPT,7ADB289C-E013-4861-AEB0-8D80F599FF45,0x64028,0x1D161920)\VenMedia(BE74FCF7-0B7C-49F3-9147-01F4042E6842,113B69722A161D439A9485F6AEA9229B)
1:011  0:000  === [ InitTheme ] =========================================
1:014  0:002  Using theme 'Xiaomi' (EFI\CLOVER\themes\Xiaomi)
1:014  0:000  OS main and drive as badge
1:016  0:002  Loading font from ThemeDir: Success
1:017  0:000  theme inited
1:017  0:000  Chosen theme Xiaomi
1:017  0:000  after NVRAM boot-args=-lilubetaall dart=0
1:017  0:000  === [ Dump SMC keys from NVRAM ] ==========================
1:017  0:000  found AppleSMC protocol
1:019  0:002  === [ AddCustomEntries ] ==================================
1:019  0:000  Custom entry 0 Title:"Recovery" Path:"\com.apple.recovery.boot\boot.efi" Type:10 Flags:0x6 matching all volumes
1:019  0:000      Checking volume "EFI" (PciRoot(0x0)\Pci(0x17,0x0)\Sata(0x0,0x0,0x0)\HD(1,GPT,D0BE6BBE-55AE-478C-9DFC-8910257C19C8,0x28,0x64000)) ... skipped because path does not exist
1:019  0:000      Checking volume "EFI" (PciRoot(0x0)\Pci(0x1B,0x0)\Pci(0x0,0x0)\NVMe(0x1,9F-B6-B3-81-59-38-25-00)\HD(1,GPT,14A104AF-51BD-4C8D-B0D9-BEFC286785D3,0x28,0x64000)) ... skipped because path does not exist
1:019  0:000      Checking volume "EFI" (PciRoot(0x0)\Pci(0x1D,0x0)\Pci(0x0,0x0)\NVMe(0x1,90-45-06-81-89-38-25-00)\HD(2,GPT,58B5FF0E-01D8-489C-B264-2FC394A1AF0C,0xFA000,0x32000)) ... skipped because path does not exist
1:020  0:000      Checking volume "Preboot" (PciRoot(0x0)\Pci(0x17,0x0)\Sata(0x0,0x0,0x0)\HD(2,GPT,AD39A3B8-D8F7-4666-A129-6B852A25FFE5,0x64028,0x746A2D60)\VenMedia(BE74FCF7-0B7C-49F3-9147-01F4042E6842,A8362437C5B1BF42BCDE4D45D33AB1CF)) ... skipped because volume is hidden
1:020  0:000      Checking volume "1 TERABYTE" (PciRoot(0x0)\Pci(0x17,0x0)\Sata(0x0,0x0,0x0)\HD(2,GPT,AD39A3B8-D8F7-4666-A129-6B852A25FFE5,0x64028,0x746A2D60)\VenMedia(BE74FCF7-0B7C-49F3-9147-01F4042E6842,A47A5AFFEBE1C933A1103F92E0B24FF6)) ... skipped because path does not exist
1:020  0:000      Checking volume "Recovery" (PciRoot(0x0)\Pci(0x17,0x0)\Sata(0x0,0x0,0x0)\HD(2,GPT,AD39A3B8-D8F7-4666-A129-6B852A25FFE5,0x64028,0x746A2D60)\VenMedia(BE74FCF7-0B7C-49F3-9147-01F4042E6842,45DE9E0E5A1B644FB9B448251FD42E0B)) ... skipped because path does not exist
1:020  0:000      Checking volume "VM" (PciRoot(0x0)\Pci(0x17,0x0)\Sata(0x0,0x0,0x0)\HD(2,GPT,AD39A3B8-D8F7-4666-A129-6B852A25FFE5,0x64028,0x746A2D60)\VenMedia(BE74FCF7-0B7C-49F3-9147-01F4042E6842,27845AB0D68354438389BA47623D7913)) ... skipped because path does not exist
1:020  0:000      Checking volume "Preboot" (PciRoot(0x0)\Pci(0x1B,0x0)\Pci(0x0,0x0)\NVMe(0x1,9F-B6-B3-81-59-38-25-00)\HD(2,GPT,7ADB289C-E013-4861-AEB0-8D80F599FF45,0x64028,0x1D161920)\VenMedia(BE74FCF7-0B7C-49F3-9147-01F4042E6842,8BFD76ABD3869A44B87E7BE6C4DE4B7A)) ... skipped because volume is hidden
1:020  0:000      Checking volume "Macintosh SSD" (PciRoot(0x0)\Pci(0x1B,0x0)\Pci(0x0,0x0)\NVMe(0x1,9F-B6-B3-81-59-38-25-00)\HD(2,GPT,7ADB289C-E013-4861-AEB0-8D80F599FF45,0x64028,0x1D161920)\VenMedia(BE74FCF7-0B7C-49F3-9147-01F4042E6842,E7E1ABDDA822D13F8458DBE66C0DCCC7)) ... skipped because path does not exist
1:020  0:000      Checking volume "Recovery" (PciRoot(0x0)\Pci(0x1B,0x0)\Pci(0x0,0x0)\NVMe(0x1,9F-B6-B3-81-59-38-25-00)\HD(2,GPT,7ADB289C-E013-4861-AEB0-8D80F599FF45,0x64028,0x1D161920)\VenMedia(BE74FCF7-0B7C-49F3-9147-01F4042E6842,0D11EF8DB0DF554D8F0BA367F132C70C)) ... skipped because path does not exist
1:020  0:000      Checking volume "VM" (PciRoot(0x0)\Pci(0x1B,0x0)\Pci(0x0,0x0)\NVMe(0x1,9F-B6-B3-81-59-38-25-00)\HD(2,GPT,7ADB289C-E013-4861-AEB0-8D80F599FF45,0x64028,0x1D161920)\VenMedia(BE74FCF7-0B7C-49F3-9147-01F4042E6842,113B69722A161D439A9485F6AEA9229B)) ... skipped because path does not exist
1:020  0:000  Custom entry 1 Title:"Windows" Path:"\EFI\Microsoft\Boot\bootmgfw.efi" Options:"-s -h" Type:7 Flags:0x0 matching all volumes
1:020  0:000      Checking volume "EFI" (PciRoot(0x0)\Pci(0x17,0x0)\Sata(0x0,0x0,0x0)\HD(1,GPT,D0BE6BBE-55AE-478C-9DFC-8910257C19C8,0x28,0x64000)) ... skipped because path does not exist
1:021  0:000      Checking volume "EFI" (PciRoot(0x0)\Pci(0x1B,0x0)\Pci(0x0,0x0)\NVMe(0x1,9F-B6-B3-81-59-38-25-00)\HD(1,GPT,14A104AF-51BD-4C8D-B0D9-BEFC286785D3,0x28,0x64000)) ... skipped because path does not exist
1:021  0:000      Checking volume "EFI" (PciRoot(0x0)\Pci(0x1D,0x0)\Pci(0x0,0x0)\NVMe(0x1,90-45-06-81-89-38-25-00)\HD(2,GPT,58B5FF0E-01D8-489C-B264-2FC394A1AF0C,0xFA000,0x32000)) ... match!
1:025  0:004  Custom settings: <null string>.plist will  be applied
1:025  0:000      Checking volume "Preboot" (PciRoot(0x0)\Pci(0x17,0x0)\Sata(0x0,0x0,0x0)\HD(2,GPT,AD39A3B8-D8F7-4666-A129-6B852A25FFE5,0x64028,0x746A2D60)\VenMedia(BE74FCF7-0B7C-49F3-9147-01F4042E6842,A8362437C5B1BF42BCDE4D45D33AB1CF)) ... skipped because volume is hidden
1:025  0:000      Checking volume "1 TERABYTE" (PciRoot(0x0)\Pci(0x17,0x0)\Sata(0x0,0x0,0x0)\HD(2,GPT,AD39A3B8-D8F7-4666-A129-6B852A25FFE5,0x64028,0x746A2D60)\VenMedia(BE74FCF7-0B7C-49F3-9147-01F4042E6842,A47A5AFFEBE1C933A1103F92E0B24FF6)) ... skipped because path does not exist
1:155  0:130      Checking volume "Recovery" (PciRoot(0x0)\Pci(0x17,0x0)\Sata(0x0,0x0,0x0)\HD(2,GPT,AD39A3B8-D8F7-4666-A129-6B852A25FFE5,0x64028,0x746A2D60)\VenMedia(BE74FCF7-0B7C-49F3-9147-01F4042E6842,45DE9E0E5A1B644FB9B448251FD42E0B)) ... skipped because path does not exist
1:155  0:000      Checking volume "VM" (PciRoot(0x0)\Pci(0x17,0x0)\Sata(0x0,0x0,0x0)\HD(2,GPT,AD39A3B8-D8F7-4666-A129-6B852A25FFE5,0x64028,0x746A2D60)\VenMedia(BE74FCF7-0B7C-49F3-9147-01F4042E6842,27845AB0D68354438389BA47623D7913)) ... skipped because path does not exist
1:155  0:000      Checking volume "Preboot" (PciRoot(0x0)\Pci(0x1B,0x0)\Pci(0x0,0x0)\NVMe(0x1,9F-B6-B3-81-59-38-25-00)\HD(2,GPT,7ADB289C-E013-4861-AEB0-8D80F599FF45,0x64028,0x1D161920)\VenMedia(BE74FCF7-0B7C-49F3-9147-01F4042E6842,8BFD76ABD3869A44B87E7BE6C4DE4B7A)) ... skipped because volume is hidden
1:155  0:000      Checking volume "Macintosh SSD" (PciRoot(0x0)\Pci(0x1B,0x0)\Pci(0x0,0x0)\NVMe(0x1,9F-B6-B3-81-59-38-25-00)\HD(2,GPT,7ADB289C-E013-4861-AEB0-8D80F599FF45,0x64028,0x1D161920)\VenMedia(BE74FCF7-0B7C-49F3-9147-01F4042E6842,E7E1ABDDA822D13F8458DBE66C0DCCC7)) ... skipped because path does not exist
1:155  0:000      Checking volume "Recovery" (PciRoot(0x0)\Pci(0x1B,0x0)\Pci(0x0,0x0)\NVMe(0x1,9F-B6-B3-81-59-38-25-00)\HD(2,GPT,7ADB289C-E013-4861-AEB0-8D80F599FF45,0x64028,0x1D161920)\VenMedia(BE74FCF7-0B7C-49F3-9147-01F4042E6842,0D11EF8DB0DF554D8F0BA367F132C70C)) ... skipped because path does not exist
1:155  0:000      Checking volume "VM" (PciRoot(0x0)\Pci(0x1B,0x0)\Pci(0x0,0x0)\NVMe(0x1,9F-B6-B3-81-59-38-25-00)\HD(2,GPT,7ADB289C-E013-4861-AEB0-8D80F599FF45,0x64028,0x1D161920)\VenMedia(BE74FCF7-0B7C-49F3-9147-01F4042E6842,113B69722A161D439A9485F6AEA9229B)) ... skipped because path does not exist
1:155  0:000  === [ ScanLoader ] ========================================
1:155  0:000  - [01]: 'EFI'
1:187  0:031          AddLoaderEntry for Volume Name=EFI
1:187  0:000          skipped because entry is hidden
1:187  0:000  - [04]: 'EFI'
1:209  0:022          AddLoaderEntry for Volume Name=EFI
1:209  0:000          skipped because entry is hidden
1:209  0:000  - [08]: 'EFI'
1:211  0:001          AddLoaderEntry for Volume Name=EFI
1:211  0:000       skipped because path `PciRoot(0x0)\Pci(0x1D,0x0)\Pci(0x0,0x0)\NVMe(0x1,90-45-06-81-89-38-25-00)\HD(2,GPT,58B5FF0E-01D8-489C-B264-2FC394A1AF0C,0xFA000,0x32000)\EFI\microsoft\Boot\bootmgfw.efii` already exists for another entry!
1:232  0:021          AddLoaderEntry for Volume Name=EFI
1:232  0:000          skipped because entry is hidden
1:232  0:000  - [11]: 'Preboot', hidden
1:232  0:000  - [12]: '1 TERABYTE'
1:442  0:210          AddLoaderEntry for Volume Name=1 TERABYTE
1:482  0:040      Check if volume Is Hibernated:
1:482  0:000      Check sleep image 'by signature':
1:604  0:122      read prefs \Library\Preferences\com.apple.PowerManagement.plist status=Success
1:604  0:000      using default sleep image name = \private\var\vm\sleepimage
1:674  0:069      sleepimage not found -> Not Found
1:674  0:000      hibernated: no - sign
1:674  0:000          [!] Icon 18 (icons\vol_internal_apfs.icns) not found (path: EFI\CLOVER\themes\Xiaomi)
1:990  0:315          AddLoaderEntry for Volume Name=1 TERABYTE
1:990  0:000          skipped because entry is hidden
1:990  0:000  - [13]: 'Recovery'
1:991  0:000          AddLoaderEntry for Volume Name=Recovery
2:026  0:035  - [14]: 'VM'
2:045  0:018  - [15]: 'Preboot', hidden
2:045  0:000  - [16]: 'Macintosh SSD'
2:050  0:004          AddLoaderEntry for Volume Name=Macintosh SSD
2:051  0:001      Check if volume Is Hibernated:
2:051  0:000      Check sleep image 'by signature':
2:053  0:001      read prefs \Library\Preferences\com.apple.PowerManagement.plist status=Success
2:053  0:000      using default sleep image name = \private\var\vm\sleepimage
2:054  0:001      sleepimage not found -> Not Found
2:054  0:000      hibernated: no - sign
2:074  0:020  - [17]: 'Recovery'
2:075  0:000          AddLoaderEntry for Volume Name=Recovery
2:096  0:020  - [18]: 'VM'
2:116  0:020  === [ GetEfiBootDeviceFromNvram ] =========================
2:117  0:000   - efi-boot-device-data: PciRoot(0x0)\Pci(0x1B,0x0)\Pci(0x0,0x0)\NVMe(0x1,9F-B6-B3-81-59-38-25-00)\HD(2,GPT,7ADB289C-E013-4861-AEB0-8D80F599FF45,0x64028,0x1D161920)\VenMedia(BE74FCF7-0B7C-49F3-9147-01F4042E6842,E7E1ABDDA822D13F8458DBE66C0DCCC7)
2:117  0:000    - Volume: 'PciRoot(0x0)\Pci(0x1B,0x0)\Pci(0x0,0x0)\NVMe(0x1,9F-B6-B3-81-59-38-25-00)\HD(2,GPT,7ADB289C-E013-4861-AEB0-8D80F599FF45,0x64028,0x1D161920)\VenMedia(BE74FCF7-0B7C-49F3-9147-01F4042E6842,E7E1ABDDA822D13F8458DBE66C0DCCC7)'
2:117  0:000    - LoaderPath: '<null string>'
2:117  0:000    - Guid = 7ADB289C-E013-4861-AEB0-8D80F599FF45
2:117  0:000  === [ FindStartupDiskVolume ] =============================
2:117  0:000    - Volume: partition = PciRoot(0x0)\Pci(0x1B,0x0)\Pci(0x0,0x0)\NVMe(0x1,9F-B6-B3-81-59-38-25-00)\HD(2,GPT,7ADB289C-E013-4861-AEB0-8D80F599FF45,0x64028,0x1D161920)\VenMedia(BE74FCF7-0B7C-49F3-9147-01F4042E6842,E7E1ABDDA822D13F8458DBE66C0DCCC7)
2:117  0:000     - searching for that partition
2:117  0:000      - found entry 3. 'Boot macOS from Macintosh SSD', Volume 'Macintosh SSD'
2:117  0:000  Boot redirected to Entry 3. 'Boot macOS from Macintosh SSD'
2:117  0:000  DefaultIndex=3 and MainMenu.EntryCount=9
2:226  0:109  GUI ready
14:160  11:933  BootVariable of the entry is empty
14:160  0:000  === [ StartLoader ] =======================================
14:160  0:000  Finally: ExternalClock=26MHz BusSpeed=100397kHz CPUFreq=2209MHz PIS: hw.busfrequency=104000000Hz
14:160  0:000  Loading boot.efi  status=Success
14:235  0:075  GetOSVersion: 10.14.2 (18C54)
14:235  0:000  CSR_CFG: CSR_ALLOW_UNTRUSTED_KEXTS | CSR_ALLOW_UNRESTRICTED_FS | CSR_ALLOW_TASK_FOR_PID | CSR_ALLOW_UNRESTRICTED_DTRACE | CSR_ALLOW_UNRESTRICTED_NVRAM
14:235  0:000  Filtering KextPatches:
14:235  0:000   - [00]: com.apple.driver.AppleIntelLpssI2C (Prevent Apple I2C kexts from attaching to I2C controllers, credit CoolStar) :: PlistPatch :: [OS: 10.14.2 | MatchOS: All | MatchBuild: All] ==> disabled by user
14:235  0:000   - [01]: com.apple.driver.AppleIntelLpssI2CController (Prevent Apple I2C kexts from attaching to I2C controllers, credit CoolStar) :: PlistPatch :: [OS: 10.14.2 | MatchOS: All | MatchBuild: All] ==> disabled by user
14:235  0:000   - [02]: com.apple.iokit.IOAHCIBlockStorage (Enable TRIM for SSD) :: BinPatch :: [OS: 10.14.2 | MatchOS: All | MatchBuild: All] ==> allowed
14:235  0:000  Filtering KernelPatches:
14:235  0:000   - [00]: MSR 0xE2 _xcpm_idle instant reboot(c) Pike R. Alpha :: [OS: 10.14.2 | MatchOS: All | MatchBuild: no] ==> allowed by OS
14:235  0:000   - [01]: Disable panic kext logging on 10.13 release kernel (credit vit9696) :: [OS: 10.14.2 | MatchOS: 10.13.x | MatchBuild: no] ==> not allowed by OS
14:235  0:000   - [02]: Disable panic kext logging on 10.14 release kernel (credit vit9696) :: [OS: 10.14.2 | MatchOS: 10.14.x | MatchBuild: no] ==> allowed by OS
14:235  0:000  Will not patch boot.efi
14:235  0:000  === [ PatchSmbios ] =======================================
14:236  0:000  insert table 9 for dev 0:0
14:236  0:000  insert table 9 for dev 0:0
14:236  0:000  insert table 9 for dev 14:3
14:236  0:000  Trusting SMBIOS...
14:236  0:000  Detected alternating SMBIOS channel banks
14:236  0:000  Channels: 2
14:236  0:000  Interleave: 0 2 1 3 4 6 5 7 8 10 9 11 12 14 13 15 16 18 17 19 20 22 21 23
14:236  0:000   partNum=M471A1K43DB1-CTD    
14:236  0:000  SMBIOS Type 17 Index = 0 => 0 0:
14:236  0:000  BANK 0 DIMM0 2667MHz 8192MB
14:236  0:000   partNum=M471A1K43DB1-CTD    
14:236  0:000  SMBIOS Type 17 Index = 1 => 1 2:
14:236  0:000  BANK 1 DIMM0 2667MHz 8192MB
14:236  0:000  mTotalSystemMemory = 16384
14:236  0:000  NumberOfMemoryDevices = 2
14:236  0:000  Type20[0]->End = 0x7FFFFF, Type17[0] = 0x2000
14:236  0:000  Type20[1]->End = 0x7FFFFF, Type17[1] = 0x6000
14:236  0:000  Table 131 is present, CPUType=31
14:236  0:000  Change to: 705
14:236  0:000  === [ PatchACPI ] =========================================
14:236  0:000  Xsdt reallocation done
14:236  0:000  old FADT length=10C
14:236  0:000   SignatureFixup: 0x7557DE4A -> 0x0
14:237  0:000  Apply DsdtFixMask=0x00840009
14:237  0:000     drop _DSM mask=0x0000
14:237  0:000  === [ FixBiosDsdt ] =======================================
14:237  0:000  VideoCard devID=0x1C2010DE
14:237  0:000  DisplayADR1[0] = 0x10000, DisplayADR2[0] = 0x0
14:237  0:000  VideoCard devID=0x3E9B8086
14:237  0:000  DisplayADR1[1] = 0x20000, DisplayADR2[1] = 0xFFFE
14:237  0:000  USBADR[0] = 0x140000 and PCIe = 0xFFFE
14:238  0:000  Patching DSDT:
14:238  0:000   - [change _DSM to XDSM]: pattern 5F44534D, patched at: [ (3CC9) (2193) (6B) (4A3) (B) (8D4) (5B0) (11) (6B) (22) (22) (3C) (18) (36) (9AB) (41E) (41E) (41E) (41E) (41E) (41E) (41E) (41E) (41E) (41E) (41E) (41E) (41E) (41E) (41E) (41E) (41E) (41E) (41E) (41E) (41E) (41E) (41E) (286) (2726) (E3) (E3) (60E) (C0) (C0) (C0) (C0) (C0) (C0) (C0) (C0) (FC) (106) (106) (72) (3373) (1E9B) (48B5) (10B6) ]
14:238  0:000   - [change _OSI to XOSI, pair with SSDT-XOSI.aml]: pattern 5F4F5349, patched at: [ (15C8B) (3) (18) (1C) (1C) (1A) (18) (18) (18) (18) (10C7) ]
14:239  0:000   - [change EC0 to EC]: pattern 4543305F, patched at: [ (1191E) (3373) (1B0) (1074A) (2A) (14B) (2C) (28) (31) (12) (12) (59) (19) (19) (28) (12) (12) (5A) (19) (19) (2E) (55) (22) (37) (1E) (1E) (25) (67) (6C) (1E) (464) (15) (15) (15) (15) (19) (27) (15) (15) (15) (15) (15) (22) (15) (15) (15) (15) (15) (22) (15) (15) (15) (15) (15) (22) (15) (15) (15) (15) (15) (38) (15) (15) (15) (15) (5B) (65) (53) (25) (20) (22) (15) (21) (32) (15) (15) (15) (2D) (2B) (15) (15) (22) (15) (15) (22) (15) (15) (22) (15) (15) (22) (15) (15) (22) (15) (15) (22) (15) (15) (22) (15) (15) (49) (11) (7F) (43) (67) (43) (54) (34) (2F) (42) (15) (30) ]
14:239  0:000   - [change GFX0 to IGPU, optionally pair with SSDT-IGPU.aml]: pattern 47465830, patched at: [ (52) (E) (12) (12) (12) (70) (12) (12) (B09) (9) (1BF) (46) (12) (2E2B) (DD28) (12) (1F8) (F) (8) (1C8) (19) (624) (8) (11) (D) (2A1F) (1D) (33) (32) (3BE4) (14) (5B) (1B14) ]
14:239  0:000   - [change HDAS to HDEF, optionally pair with SSDT-HDEF.aml]: pattern 48444153, patched at: [ (290) (12) (12) (6D8F) (76) (3F) (66) (A7) (DB) (89) (11A39) (1985) (1C54) (8FCC) ]
14:240  0:000   - [change HECI to IMEI, optionally pair with SSDT-IMEI.aml]: pattern 48454349, patched at: [ (11762) (7611) (1F3E) ]
14:240  0:000   - [change SAT0 to SATA, optionally pair with SSDT-SATA.aml]: pattern 53415430, patched at: [ (940) (12) (1CA) (16) (16) (16) (16) (16) (16) (16) (16) (16) (16) (16) (D267) (22E9) (27) (28) (28) (28) (28) (28) (29) (29) (29) (29) (29) (31) (27) (28) (28) (28) (28) (28) (29) (29) (29) (29) (29) (862E) (1990) (21) (10B) (4D1) (1AD) (29) (2E) (2E) (2E) ]
14:240  0:000   - [change Method(_PTS,1,N) to ZPTS, pair with SSDT-PTSWAK.aml]: pattern 5F505453, patched at: [ (14C15) ]
14:240  0:000   - [change Method(_WAK,1,S) to ZWAK, pair with SSDT-PTSWAK.aml]: pattern 5F57414B, patched at: [ (14DE7) ]
14:241  0:000   - [change Method(GPRW,2,N) to XPRW, pair with SSDT-GPRW.aml]: pattern 47505257, patched at: [ (16671) ]
14:241  0:000   - [change Method(__Q0F,0,N) to XQ0F]: pattern 5F513046, bin not found / already patched!
14:241  0:000   - [change Method(_Q10,0,N) to XQ10]: pattern 5F513130, bin not found / already patched!
14:242  0:000   - [change PCI0.GPI0._STA to PCI0.GPI0.XSTA]: pattern 5F535441, bin not found / already patched!
14:242  0:000    0 replacements
14:242  0:000  first CPU found at 16A83 offset 16A86
14:242  0:000  score candidate at 16A7F
14:242  0:000  score inserted in acpi_cpu_score _SB_
14:242  0:000  Found ACPI CPU: PR00 | PR01 | PR02 | PR03 | PR04 | PR05 | PR06 | PR07 | PR08 | PR09 | PR10 | PR11 | PR12 | PR13 | PR14 | PR15 , within the score: _SB_
14:243  0:001  Start TMR Fix
14:245  0:001  Start Add MCHC
14:245  0:000  Start ADP1 fix
14:245  0:000  Name ACAD	 present at 0x11E33, renaming to ADP1
14:245  0:000  Name ACAD	 present at 0x2557C, renaming to ADP1
14:246  0:000  PreCleanup XSDT: count=25, length=236
14:246  0:000  PreCleanup XSDT, corrected XSDT: count=25, length=236
14:246  0:000  === [ ACPIPatchedAML ] ====================================
14:246  0:000  AutoMerge pass 1
14:246  0:000  Unsorted
14:246  0:000  Inserting SSDT-MEM2.aml from EFI\CLOVER\ACPI\patched: ignore on pass 1
14:246  0:000  Inserting SSDT-DMAC.aml from EFI\CLOVER\ACPI\patched: ignore on pass 1
14:246  0:000  Inserting SSDT-GPI0._STA.aml from EFI\CLOVER\ACPI\patched: ignore on pass 1
14:246  0:000  Inserting SSDT-DDGPU.aml from EFI\CLOVER\ACPI\patched: ignore on pass 1
14:246  0:000  Inserting SSDT-PS2K.aml from EFI\CLOVER\ACPI\patched: ignore on pass 1
14:246  0:000  Inserting SSDT-PNLF.aml from EFI\CLOVER\ACPI\patched: ignore on pass 1
14:246  0:000  Inserting SSDT-SMBUS.aml from EFI\CLOVER\ACPI\patched: ignore on pass 1
14:246  0:000  Inserting SSDT-USBX.aml from EFI\CLOVER\ACPI\patched: ignore on pass 1
14:246  0:000  Inserting SSDT-HPET.aml from EFI\CLOVER\ACPI\patched: ignore on pass 1
14:246  0:000  Inserting SSDT-XOSI.aml from EFI\CLOVER\ACPI\patched: ignore on pass 1
14:246  0:000  Inserting SSDT-RMCF.aml from EFI\CLOVER\ACPI\patched: ignore on pass 1
14:246  0:000  Inserting SSDT-GPRW.aml from EFI\CLOVER\ACPI\patched: ignore on pass 1
14:246  0:000  Inserting SSDT-PTSWAK.aml from EFI\CLOVER\ACPI\patched: ignore on pass 1
14:246  0:000  Inserting SSDT-PMCR.aml from EFI\CLOVER\ACPI\patched: ignore on pass 1
14:246  0:000  === [ ACPIDropTables ] ====================================
14:246  0:000  Drop tables from XSDT, SIGN=DMAR TableID=XMCC1801 Length=168
14:246  0:000   Table[22]: DMAR  XMCC1801  168 dropped
14:246  0:000  0. [change _DSM to XDSM]: pattern 5F44534D, patched at: [ (2C93) (4D2) ]
14:246  0:000  1. [change _OSI to XOSI, pair with SSDT-XOSI.aml]: pattern 5F4F5349, bin not found / already patched!
14:246  0:000  2. [change EC0 to EC]: pattern 4543305F, bin not found / already patched!
14:246  0:000  3. [change GFX0 to IGPU, optionally pair with SSDT-IGPU.aml]: pattern 47465830, patched at: [ (2D) (3A) (46) (2C1) (1C9B) (A3A) (1D) (6AF) ]
14:246  0:000  4. [change HDAS to HDEF, optionally pair with SSDT-HDEF.aml]: pattern 48444153, bin not found / already patched!
14:246  0:000  5. [change HECI to IMEI, optionally pair with SSDT-IMEI.aml]: pattern 48454349, bin not found / already patched!
14:246  0:000  6. [change SAT0 to SATA, optionally pair with SSDT-SATA.aml]: pattern 53415430, bin not found / already patched!
14:246  0:000  7. [change Method(_PTS,1,N) to ZPTS, pair with SSDT-PTSWAK.aml]: pattern 5F505453, bin not found / already patched!
14:246  0:000  8. [change Method(_WAK,1,S) to ZWAK, pair with SSDT-PTSWAK.aml]: pattern 5F57414B, bin not found / already patched!
14:246  0:000  9. [change Method(GPRW,2,N) to XPRW, pair with SSDT-GPRW.aml]: pattern 47505257, bin not found / already patched!
14:246  0:000  10. [change Method(__Q0F,0,N) to XQ0F]: pattern 5F513046, bin not found / already patched!
14:246  0:000  11. [change Method(_Q10,0,N) to XQ10]: pattern 5F513130, bin not found / already patched!
14:246  0:000  12. [change PCI0.GPI0._STA to PCI0.GPI0.XSTA]: pattern 5F535441, bin not found / already patched!
14:246  0:000    0 replacements
14:246  0:000  Found OperationRegion(SANV, SystemMemory, 7BB29418, ...)
14:246  0:000  0. [change _DSM to XDSM]: pattern 5F44534D, patched at: [ (3BC) ]
14:246  0:000  1. [change _OSI to XOSI, pair with SSDT-XOSI.aml]: pattern 5F4F5349, bin not found / already patched!
14:246  0:000  2. [change EC0 to EC]: pattern 4543305F, bin not found / already patched!
14:246  0:000  3. [change GFX0 to IGPU, optionally pair with SSDT-IGPU.aml]: pattern 47465830, bin not found / already patched!
14:246  0:000  4. [change HDAS to HDEF, optionally pair with SSDT-HDEF.aml]: pattern 48444153, bin not found / already patched!
14:246  0:000  5. [change HECI to IMEI, optionally pair with SSDT-IMEI.aml]: pattern 48454349, bin not found / already patched!
14:246  0:000  6. [change SAT0 to SATA, optionally pair with SSDT-SATA.aml]: pattern 53415430, bin not found / already patched!
14:246  0:000  7. [change Method(_PTS,1,N) to ZPTS, pair with SSDT-PTSWAK.aml]: pattern 5F505453, bin not found / already patched!
14:246  0:000  8. [change Method(_WAK,1,S) to ZWAK, pair with SSDT-PTSWAK.aml]: pattern 5F57414B, bin not found / already patched!
14:246  0:000  9. [change Method(GPRW,2,N) to XPRW, pair with SSDT-GPRW.aml]: pattern 47505257, bin not found / already patched!
14:246  0:000  10. [change Method(__Q0F,0,N) to XQ0F]: pattern 5F513046, bin not found / already patched!
14:246  0:000  11. [change Method(_Q10,0,N) to XQ10]: pattern 5F513130, bin not found / already patched!
14:246  0:000  12. [change PCI0.GPI0._STA to PCI0.GPI0.XSTA]: pattern 5F535441, bin not found / already patched!
14:246  0:000    0 replacements
14:246  0:000  Found OperationRegion(FHCI, SystemMemory, FED40000, ...)
14:246  0:000  Found OperationRegion(TNVS, SystemMemory, 7BB24000, ...)
14:246  0:000  0. [change _DSM to XDSM]: pattern 5F44534D, bin not found / already patched!
14:246  0:000  1. [change _OSI to XOSI, pair with SSDT-XOSI.aml]: pattern 5F4F5349, bin not found / already patched!
14:246  0:000  2. [change EC0 to EC]: pattern 4543305F, bin not found / already patched!
14:246  0:000  3. [change GFX0 to IGPU, optionally pair with SSDT-IGPU.aml]: pattern 47465830, bin not found / already patched!
14:246  0:000  4. [change HDAS to HDEF, optionally pair with SSDT-HDEF.aml]: pattern 48444153, bin not found / already patched!
14:246  0:000  5. [change HECI to IMEI, optionally pair with SSDT-IMEI.aml]: pattern 48454349, bin not found / already patched!
14:246  0:000  6. [change SAT0 to SATA, optionally pair with SSDT-SATA.aml]: pattern 53415430, bin not found / already patched!
14:246  0:000  7. [change Method(_PTS,1,N) to ZPTS, pair with SSDT-PTSWAK.aml]: pattern 5F505453, bin not found / already patched!
14:246  0:000  8. [change Method(_WAK,1,S) to ZWAK, pair with SSDT-PTSWAK.aml]: pattern 5F57414B, bin not found / already patched!
14:246  0:000  9. [change Method(GPRW,2,N) to XPRW, pair with SSDT-GPRW.aml]: pattern 47505257, bin not found / already patched!
14:246  0:000  10. [change Method(__Q0F,0,N) to XQ0F]: pattern 5F513046, bin not found / already patched!
14:246  0:000  11. [change Method(_Q10,0,N) to XQ10]: pattern 5F513130, bin not found / already patched!
14:246  0:000  12. [change PCI0.GPI0._STA to PCI0.GPI0.XSTA]: pattern 5F535441, bin not found / already patched!
14:246  0:000    0 replacements
14:246  0:000  Found OperationRegion(MENV, SystemMemory, 7BB29D18, ...)
14:246  0:000  0. [change _DSM to XDSM]: pattern 5F44534D, bin not found / already patched!
14:246  0:000  1. [change _OSI to XOSI, pair with SSDT-XOSI.aml]: pattern 5F4F5349, bin not found / already patched!
14:246  0:000  2. [change EC0 to EC]: pattern 4543305F, bin not found / already patched!
14:246  0:000  3. [change GFX0 to IGPU, optionally pair with SSDT-IGPU.aml]: pattern 47465830, bin not found / already patched!
14:246  0:000  4. [change HDAS to HDEF, optionally pair with SSDT-HDEF.aml]: pattern 48444153, bin not found / already patched!
14:246  0:000  5. [change HECI to IMEI, optionally pair with SSDT-IMEI.aml]: pattern 48454349, bin not found / already patched!
14:246  0:000  6. [change SAT0 to SATA, optionally pair with SSDT-SATA.aml]: pattern 53415430, bin not found / already patched!
14:246  0:000  7. [change Method(_PTS,1,N) to ZPTS, pair with SSDT-PTSWAK.aml]: pattern 5F505453, bin not found / already patched!
14:246  0:000  8. [change Method(_WAK,1,S) to ZWAK, pair with SSDT-PTSWAK.aml]: pattern 5F57414B, bin not found / already patched!
14:246  0:000  9. [change Method(GPRW,2,N) to XPRW, pair with SSDT-GPRW.aml]: pattern 47505257, bin not found / already patched!
14:246  0:000  10. [change Method(__Q0F,0,N) to XQ0F]: pattern 5F513046, bin not found / already patched!
14:246  0:000  11. [change Method(_Q10,0,N) to XQ10]: pattern 5F513130, bin not found / already patched!
14:246  0:000  12. [change PCI0.GPI0._STA to PCI0.GPI0.XSTA]: pattern 5F535441, bin not found / already patched!
14:246  0:000    0 replacements
14:246  0:000  0. [change _DSM to XDSM]: pattern 5F44534D, bin not found / already patched!
14:246  0:000  1. [change _OSI to XOSI, pair with SSDT-XOSI.aml]: pattern 5F4F5349, bin not found / already patched!
14:246  0:000  2. [change EC0 to EC]: pattern 4543305F, bin not found / already patched!
14:246  0:000  3. [change GFX0 to IGPU, optionally pair with SSDT-IGPU.aml]: pattern 47465830, bin not found / already patched!
14:246  0:000  4. [change HDAS to HDEF, optionally pair with SSDT-HDEF.aml]: pattern 48444153, bin not found / already patched!
14:246  0:000  5. [change HECI to IMEI, optionally pair with SSDT-IMEI.aml]: pattern 48454349, bin not found / already patched!
14:246  0:000  6. [change SAT0 to SATA, optionally pair with SSDT-SATA.aml]: pattern 53415430, bin not found / already patched!
14:246  0:000  7. [change Method(_PTS,1,N) to ZPTS, pair with SSDT-PTSWAK.aml]: pattern 5F505453, bin not found / already patched!
14:246  0:000  8. [change Method(_WAK,1,S) to ZWAK, pair with SSDT-PTSWAK.aml]: pattern 5F57414B, bin not found / already patched!
14:246  0:000  9. [change Method(GPRW,2,N) to XPRW, pair with SSDT-GPRW.aml]: pattern 47505257, bin not found / already patched!
14:246  0:000  10. [change Method(__Q0F,0,N) to XQ0F]: pattern 5F513046, bin not found / already patched!
14:246  0:000  11. [change Method(_Q10,0,N) to XQ10]: pattern 5F513130, bin not found / already patched!
14:246  0:000  12. [change PCI0.GPI0._STA to PCI0.GPI0.XSTA]: pattern 5F535441, bin not found / already patched!
14:247  0:000    0 replacements
14:247  0:000  Found OperationRegion(PNVS, SystemMemory, 7BDD7000, ...)
14:247  0:000  0. [change _DSM to XDSM]: pattern 5F44534D, bin not found / already patched!
14:247  0:000  1. [change _OSI to XOSI, pair with SSDT-XOSI.aml]: pattern 5F4F5349, bin not found / already patched!
14:247  0:000  2. [change EC0 to EC]: pattern 4543305F, bin not found / already patched!
14:247  0:000  3. [change GFX0 to IGPU, optionally pair with SSDT-IGPU.aml]: pattern 47465830, bin not found / already patched!
14:247  0:000  4. [change HDAS to HDEF, optionally pair with SSDT-HDEF.aml]: pattern 48444153, bin not found / already patched!
14:247  0:000  5. [change HECI to IMEI, optionally pair with SSDT-IMEI.aml]: pattern 48454349, bin not found / already patched!
14:247  0:000  6. [change SAT0 to SATA, optionally pair with SSDT-SATA.aml]: pattern 53415430, bin not found / already patched!
14:247  0:000  7. [change Method(_PTS,1,N) to ZPTS, pair with SSDT-PTSWAK.aml]: pattern 5F505453, bin not found / already patched!
14:247  0:000  8. [change Method(_WAK,1,S) to ZWAK, pair with SSDT-PTSWAK.aml]: pattern 5F57414B, bin not found / already patched!
14:247  0:000  9. [change Method(GPRW,2,N) to XPRW, pair with SSDT-GPRW.aml]: pattern 47505257, bin not found / already patched!
14:247  0:000  10. [change Method(__Q0F,0,N) to XQ0F]: pattern 5F513046, bin not found / already patched!
14:247  0:000  11. [change Method(_Q10,0,N) to XQ10]: pattern 5F513130, bin not found / already patched!
14:247  0:000  12. [change PCI0.GPI0._STA to PCI0.GPI0.XSTA]: pattern 5F535441, bin not found / already patched!
14:247  0:000    0 replacements
14:247  0:000  0. [change _DSM to XDSM]: pattern 5F44534D, bin not found / already patched!
14:247  0:000  1. [change _OSI to XOSI, pair with SSDT-XOSI.aml]: pattern 5F4F5349, bin not found / already patched!
14:247  0:000  2. [change EC0 to EC]: pattern 4543305F, patched at: [ (23) (16) (37) (39) ]
14:247  0:000  3. [change GFX0 to IGPU, optionally pair with SSDT-IGPU.aml]: pattern 47465830, bin not found / already patched!
14:247  0:000  4. [change HDAS to HDEF, optionally pair with SSDT-HDEF.aml]: pattern 48444153, bin not found / already patched!
14:247  0:000  5. [change HECI to IMEI, optionally pair with SSDT-IMEI.aml]: pattern 48454349, bin not found / already patched!
14:247  0:000  6. [change SAT0 to SATA, optionally pair with SSDT-SATA.aml]: pattern 53415430, bin not found / already patched!
14:247  0:000  7. [change Method(_PTS,1,N) to ZPTS, pair with SSDT-PTSWAK.aml]: pattern 5F505453, bin not found / already patched!
14:247  0:000  8. [change Method(_WAK,1,S) to ZWAK, pair with SSDT-PTSWAK.aml]: pattern 5F57414B, bin not found / already patched!
14:247  0:000  9. [change Method(GPRW,2,N) to XPRW, pair with SSDT-GPRW.aml]: pattern 47505257, bin not found / already patched!
14:247  0:000  10. [change Method(__Q0F,0,N) to XQ0F]: pattern 5F513046, bin not found / already patched!
14:247  0:000  11. [change Method(_Q10,0,N) to XQ10]: pattern 5F513130, bin not found / already patched!
14:247  0:000  12. [change PCI0.GPI0._STA to PCI0.GPI0.XSTA]: pattern 5F535441, bin not found / already patched!
14:247  0:000    0 replacements
14:247  0:000  0. [change _DSM to XDSM]: pattern 5F44534D, patched at: [ (4927) ]
14:247  0:000  1. [change _OSI to XOSI, pair with SSDT-XOSI.aml]: pattern 5F4F5349, bin not found / already patched!
14:247  0:000  2. [change EC0 to EC]: pattern 4543305F, patched at: [ (30A) (16) (16) (90) (1620) (8B) (F60) (1BF) ]
14:247  0:000  3. [change GFX0 to IGPU, optionally pair with SSDT-IGPU.aml]: pattern 47465830, patched at: [ (55) (28) (12) (12) (12) (12) (12) (12) (12) (12) (12) (12) (12) (12) (12) (12) (12) (12) (481) (50) (1604) (601) (1062) (13) (28) (27) (13) (28) (27) (13) (28) (27) (13) (28) (27) (13) (28) (27) (13) (28) (27) (13) (28) (27) (13) (28) (27) (13) (28) (27) (13) (28) (27) (13) (28) (27) (13) (28) (27) (13) (28) (27) (13) (28) (27) (13) (28) (27) (13) (28) (FDE) ]
14:247  0:000  4. [change HDAS to HDEF, optionally pair with SSDT-HDEF.aml]: pattern 48444153, bin not found / already patched!
14:247  0:000  5. [change HECI to IMEI, optionally pair with SSDT-IMEI.aml]: pattern 48454349, bin not found / already patched!
14:247  0:000  6. [change SAT0 to SATA, optionally pair with SSDT-SATA.aml]: pattern 53415430, bin not found / already patched!
14:247  0:000  7. [change Method(_PTS,1,N) to ZPTS, pair with SSDT-PTSWAK.aml]: pattern 5F505453, bin not found / already patched!
14:247  0:000  8. [change Method(_WAK,1,S) to ZWAK, pair with SSDT-PTSWAK.aml]: pattern 5F57414B, bin not found / already patched!
14:247  0:000  9. [change Method(GPRW,2,N) to XPRW, pair with SSDT-GPRW.aml]: pattern 47505257, bin not found / already patched!
14:247  0:000  10. [change Method(__Q0F,0,N) to XQ0F]: pattern 5F513046, bin not found / already patched!
14:247  0:000  11. [change Method(_Q10,0,N) to XQ10]: pattern 5F513130, bin not found / already patched!
14:247  0:000  12. [change PCI0.GPI0._STA to PCI0.GPI0.XSTA]: pattern 5F535441, bin not found / already patched!
14:247  0:000    0 replacements
14:247  0:000  Found OperationRegion(VBOR, SystemMemory, 7BACA018, ...)
14:248  0:000  Found OperationRegion(SGOP, SystemMemory, 7B464018, ...)
14:248  0:000  Found OperationRegion(NOPR, SystemMemory, 7BAC7018, ...)
14:248  0:000  0. [change _DSM to XDSM]: pattern 5F44534D, bin not found / already patched!
14:248  0:000  1. [change _OSI to XOSI, pair with SSDT-XOSI.aml]: pattern 5F4F5349, bin not found / already patched!
14:248  0:000  2. [change EC0 to EC]: pattern 4543305F, bin not found / already patched!
14:248  0:000  3. [change GFX0 to IGPU, optionally pair with SSDT-IGPU.aml]: pattern 47465830, bin not found / already patched!
14:248  0:000  4. [change HDAS to HDEF, optionally pair with SSDT-HDEF.aml]: pattern 48444153, bin not found / already patched!
14:248  0:000  5. [change HECI to IMEI, optionally pair with SSDT-IMEI.aml]: pattern 48454349, bin not found / already patched!
14:248  0:000  6. [change SAT0 to SATA, optionally pair with SSDT-SATA.aml]: pattern 53415430, bin not found / already patched!
14:248  0:000  7. [change Method(_PTS,1,N) to ZPTS, pair with SSDT-PTSWAK.aml]: pattern 5F505453, bin not found / already patched!
14:248  0:000  8. [change Method(_WAK,1,S) to ZWAK, pair with SSDT-PTSWAK.aml]: pattern 5F57414B, bin not found / already patched!
14:248  0:000  9. [change Method(GPRW,2,N) to XPRW, pair with SSDT-GPRW.aml]: pattern 47505257, bin not found / already patched!
14:248  0:000  10. [change Method(__Q0F,0,N) to XQ0F]: pattern 5F513046, bin not found / already patched!
14:248  0:000  11. [change Method(_Q10,0,N) to XQ10]: pattern 5F513130, bin not found / already patched!
14:248  0:000  12. [change PCI0.GPI0._STA to PCI0.GPI0.XSTA]: pattern 5F535441, bin not found / already patched!
14:248  0:000    0 replacements
14:248  0:000  === [ ACPIPatchedAML ] ====================================
14:248  0:000  AutoMerge pass 2
14:248  0:000  Unsorted
14:248  0:000  Inserting SSDT-MEM2.aml from EFI\CLOVER\ACPI\patched: size=113 ... Success
14:248  0:000  Inserting SSDT-DMAC.aml from EFI\CLOVER\ACPI\patched: size=114 ... Success
14:248  0:000  Inserting SSDT-GPI0._STA.aml from EFI\CLOVER\ACPI\patched: size=97 ... Success
14:248  0:000  Inserting SSDT-DDGPU.aml from EFI\CLOVER\ACPI\patched: size=146 ... Success
14:249  0:000  Inserting SSDT-PS2K.aml from EFI\CLOVER\ACPI\patched: size=176 ... Success
14:249  0:000  Inserting SSDT-PNLF.aml from EFI\CLOVER\ACPI\patched: size=429 ... Success
14:249  0:000  Inserting SSDT-SMBUS.aml from EFI\CLOVER\ACPI\patched: size=138 ... Success
14:250  0:000  Inserting SSDT-USBX.aml from EFI\CLOVER\ACPI\patched: size=185 ... Success
14:250  0:000  Inserting SSDT-HPET.aml from EFI\CLOVER\ACPI\patched: size=87 ... Success
14:250  0:000  Inserting SSDT-XOSI.aml from EFI\CLOVER\ACPI\patched: size=206 ... Success
14:250  0:000  Inserting SSDT-RMCF.aml from EFI\CLOVER\ACPI\patched: size=911 ... Success
14:251  0:000  Inserting SSDT-GPRW.aml from EFI\CLOVER\ACPI\patched: size=134 ... Success
14:251  0:000  Inserting SSDT-PTSWAK.aml from EFI\CLOVER\ACPI\patched: size=626 ... Success
14:251  0:000  Inserting SSDT-PMCR.aml from EFI\CLOVER\ACPI\patched: size=63 ... Success
14:251  0:000  CPUBase=0 and ApicCPUBase=1 ApicCPUNum=16
14:251  0:000  Maximum control=0x16
14:251  0:000  Turbo control=0x29
14:251  0:000  P-States: min 0x8, max 0x29
14:251  0:000  SSDT with plugin-type without P-States is generated
14:251  0:000  Cleanup XSDT: count=40, length=356
14:251  0:000  corrected XSDT count=39, length=348
14:251  0:000  === [ RestSetup macOS ] ===================================
14:251  0:000  EdidDiscovered size=128
14:251  0:000  --- Discovered EDID Table size:128
14:251  0:000  000  |  00  FF  FF  FF  FF  FF  FF  00  38  70
14:251  0:000  010  |  28  00  00  00  00  00  2B  1B  01  04
14:251  0:000  020  |  A5  22  13  78  02  4B  D5  A4  56  52
14:251  0:000  030  |  A7  25  0D  50  54  00  00  00  01  01
14:251  0:000  040  |  01  01  01  01  01  01  01  01  01  01
14:251  0:000  050  |  01  01  01  01  29  36  80  A0  70  38
14:251  0:000  060  |  1F  40  30  20  35  00  58  C2  10  00
14:251  0:000  070  |  00  18  54  2B  80  A0  70  38  1F  40
14:251  0:000  080  |  30  20  35  00  58  C2  10  00  00  18
14:251  0:000  090  |  00  00  00  10  00  00  00  00  00  00
14:251  0:000  100  |  00  00  00  00  00  00  00  00  00  00
14:251  0:000  110  |  00  FC  00  4C  4D  31  35  36  4C  46
14:251  0:000  120  |  39  4C  30  31  0A  20  00  01
14:251  0:000  add device: PciRoot(0x0)/Pci(0x1F,0x3)
14:251  0:000     Add key=layout-id valuelen=4
14:251  0:000  add device: PciRoot(0x0)/Pci(0x2,0x0)
14:251  0:000     Add key=framebuffer-stolenmem valuelen=4
14:251  0:000     Add key=framebuffer-patch-enable valuelen=4
14:252  0:000     Add key=framebuffer-fbmem valuelen=4
14:252  0:000     Add key=AAPL,ig-platform-id valuelen=4
14:252  0:000  NVidia GFX injection not set
14:252  0:000  Intel GFX injection not set
14:252  0:000   RCBA disabled; cannot use it
14:252  0:000  stringlength = 770
14:252  0:000  CurrentMode: Width=1920 Height=1080
14:252  0:000  Beginning FSInjection
FSInjectionInstall ...
- Our FSI_SIMPLE_FILE_SYSTEM_PROTOCOL installed on handle: 68770F18
FSInjectionInstall ...
- Our FSI_SIMPLE_FILE_SYSTEM_PROTOCOL installed on handle: 68770F18
14:254  0:001  Use origin smbios table type 1 guid.
14:254  0:000    Force kext: System\Library\Extensions\IONetworkingFamily.kext
14:258  0:004      Force PlugIn kext: System\Library\Extensions\IONetworkingFamily.kext\Contents\PlugIns\nvenet.kext
14:260  0:002      Force PlugIn kext: System\Library\Extensions\IONetworkingFamily.kext\Contents\PlugIns\AppleEthernetAquantiaAqtion.kext
14:263  0:002      Force PlugIn kext: System\Library\Extensions\IONetworkingFamily.kext\Contents\PlugIns\AppleBCM5701Ethernet.kext
14:266  0:003      Force PlugIn kext: System\Library\Extensions\IONetworkingFamily.kext\Contents\PlugIns\AppleIntelI210Ethernet.kext
14:269  0:002      Force PlugIn kext: System\Library\Extensions\IONetworkingFamily.kext\Contents\PlugIns\Intel82574L.kext
14:271  0:002      Force PlugIn kext: System\Library\Extensions\IONetworkingFamily.kext\Contents\PlugIns\IOEthernetAVBController.kext
14:273  0:001      Force PlugIn kext: System\Library\Extensions\IONetworkingFamily.kext\Contents\PlugIns\AppleYukon2.kext
14:279  0:006      Force PlugIn kext: System\Library\Extensions\IONetworkingFamily.kext\Contents\PlugIns\AppleEthernetAquantiaAqtionFirmware.kext
14:281  0:002      Force PlugIn kext: System\Library\Extensions\IONetworkingFamily.kext\Contents\PlugIns\AppleIntel8254XEthernet.kext
14:283  0:002      Force PlugIn kext: System\Library\Extensions\IONetworkingFamily.kext\Contents\PlugIns\AppleVmxnet3Ethernet.kext
14:285  0:001      Force PlugIn kext: System\Library\Extensions\IONetworkingFamily.kext\Contents\PlugIns\mDNSOffloadUserClient.kext
14:287  0:001  Preparing kexts injection for arch=x86_64 from EFI\CLOVER\kexts\Other
14:287  0:000  Extra kext: EFI\CLOVER\kexts\Other\USBPorts.kext (v.1.0)
14:288  0:001  Extra kext: EFI\CLOVER\kexts\Other\VoodooPS2Controller.kext (v.1.9.2)
14:291  0:002    |-- PlugIn kext: EFI\CLOVER\kexts\Other\VoodooPS2Controller.kext\Contents\PlugIns\VoodooPS2Mouse.kext (v.1.9.2)
14:293  0:002    |-- PlugIn kext: EFI\CLOVER\kexts\Other\VoodooPS2Controller.kext\Contents\PlugIns\VoodooPS2Keyboard.kext (v.1.9.2)
14:297  0:004    |-- PlugIn kext: EFI\CLOVER\kexts\Other\VoodooPS2Controller.kext\Contents\PlugIns\VoodooPS2Trackpad.kext (v.1.9.2)
14:301  0:004  Extra kext: EFI\CLOVER\kexts\Other\VirtualSMC.kext (v.1.0.1)
14:305  0:003    |-- PlugIn kext: EFI\CLOVER\kexts\Other\VirtualSMC.kext\Contents\PlugIns\SMCProcessor.kext (v.1.0.1)
14:307  0:002    |-- PlugIn kext: EFI\CLOVER\kexts\Other\VirtualSMC.kext\Contents\PlugIns\SMCBatteryManager.kext (v.1)
14:310  0:002    |-- PlugIn kext: EFI\CLOVER\kexts\Other\VirtualSMC.kext\Contents\PlugIns\SMCSuperIO.kext (v.1.0.0)
14:312  0:002  Extra kext: EFI\CLOVER\kexts\Other\RealtekRTL8111.kext (v.2.2.2)
14:315  0:003  Extra kext: EFI\CLOVER\kexts\Other\WhateverGreen.kext (v.1.2.5)
14:320  0:004  Extra kext: EFI\CLOVER\kexts\Other\CodecCommander.kext (v.2.7.1)
14:325  0:005  Extra kext: EFI\CLOVER\kexts\Other\AppleALC.kext (v.1.3.4)
14:406  0:080  Extra kext: EFI\CLOVER\kexts\Other\SATA-unsupported.kext (v.0.9.2)
14:407  0:001  Extra kext: EFI\CLOVER\kexts\Other\HibernationFixup.kext (v.1.2.4)
14:410  0:002  Extra kext: EFI\CLOVER\kexts\Other\Lilu.kext (v.1.2.8)
14:415  0:005  SetStartupDiskVolume:
14:415  0:000    * Volume: 'Macintosh SSD'
14:415  0:000    * LoaderPath: '<null string>'
14:415  0:000    * DevPath: Macintosh SSD
14:415  0:000    * GUID = 7ADB289C-E013-4861-AEB0-8D80F599FF45
14:415  0:000    * efi-boot-device: <array><dict><key>IOMatch</key><dict><key>IOProviderClass</key><string>IOMedia</string><key>IOPropertyMatch</key><dict><key>UUID</key><string>7ADB289C-E013-4861-AEB0-8D80F599FF45</string></dict></dict></dict></array>
14:415  0:000  SetScreenResolution: 1920x1080 - already set
14:415  0:000  Custom boot is disabled
14:416  0:000  Closing log
